-------------------------------------------------------------------------------
Test set: com.microservices.demo.twitter.to.kafka.service.TwitterToKafkaServiceApplicationTests
-------------------------------------------------------------------------------
Tests run: 1, Failures: 0, Errors: 1, Skipped: 0, Time elapsed: 2.218 s <<< FAILURE! - in com.microservices.demo.twitter.to.kafka.service.TwitterToKafkaServiceApplicationTests
contextLoad  Time elapsed: 0.001 s  <<< ERROR!
java.lang.IllegalStateException: Failed to load ApplicationContext
Caused by: org.springframework.beans.factory.UnsatisfiedDependencyException: Error creating bean with name 'twitterToKafkaServiceApplication': Unsatisfied dependency expressed through constructor parameter 0; nested exception is org.springframework.beans.factory.UnsatisfiedDependencyException: Error creating bean with name 'twitterKafkaStreamRunner' defined in file [/home/zeev/workspaces/k8s/aligelenler/23microservices-demo/twitter-to-kafka-service/target/classes/com/microservices/demo/twitter/to/kafka/service/runner/impl/TwitterKafkaStreamRunner.class]: Unsatisfied dependency expressed through constructor parameter 1; nested exception is org.springframework.beans.factory.UnsatisfiedDependencyException: Error creating bean with name 'twitterKafkaStatusListener' defined in file [/home/zeev/workspaces/k8s/aligelenler/23microservices-demo/twitter-to-kafka-service/target/classes/com/microservices/demo/twitter/to/kafka/service/listener/TwitterKafkaStatusListener.class]: Unsatisfied dependency expressed through constructor parameter 1; nested exception is org.springframework.beans.factory.UnsatisfiedDependencyException: Error creating bean with name 'twitterKafkaProducer' defined in URL [jar:file:/home/zeev/workspaces/k8s/aligelenler/23microservices-demo/kafka/kafka-producer/target/kafka-producer-0.0.1-SNAPSHOT.jar!/com/microservices/demo/kafka/producer/config/service/impl/TwitterKafkaProducer.class]: Unsatisfied dependency expressed through constructor parameter 0; nested exception is org.springframework.beans.factory.BeanCreationException: Error creating bean with name 'kafkaTemplate' defined in class path resource [com/microservices/demo/kafka/producer/config/KafkaProducerConfig.class]: Bean instantiation via factory method failed; nested exception is org.springframework.beans.BeanInstantiationException: Failed to instantiate [org.springframework.kafka.core.KafkaTemplate]: Factory method 'kafkaTemplate' threw exception; nested exception is org.springframework.beans.factory.BeanCreationException: Error creating bean with name 'producerFactory' defined in class path resource [com/microservices/demo/kafka/producer/config/KafkaProducerConfig.class]: Bean instantiation via factory method failed; nested exception is org.springframework.beans.BeanInstantiationException: Failed to instantiate [org.springframework.kafka.core.ProducerFactory]: Factory method 'producerFactory' threw exception; nested exception is org.springframework.beans.factory.BeanCreationException: Error creating bean with name 'producerConfig' defined in class path resource [com/microservices/demo/kafka/producer/config/KafkaProducerConfig.class]: Bean instantiation via factory method failed; nested exception is org.springframework.beans.BeanInstantiationException: Failed to instantiate [java.util.Map]: Factory method 'producerConfig' threw exception; nested exception is java.lang.NullPointerException
Caused by: org.springframework.beans.factory.UnsatisfiedDependencyException: Error creating bean with name 'twitterKafkaStreamRunner' defined in file [/home/zeev/workspaces/k8s/aligelenler/23microservices-demo/twitter-to-kafka-service/target/classes/com/microservices/demo/twitter/to/kafka/service/runner/impl/TwitterKafkaStreamRunner.class]: Unsatisfied dependency expressed through constructor parameter 1; nested exception is org.springframework.beans.factory.UnsatisfiedDependencyException: Error creating bean with name 'twitterKafkaStatusListener' defined in file [/home/zeev/workspaces/k8s/aligelenler/23microservices-demo/twitter-to-kafka-service/target/classes/com/microservices/demo/twitter/to/kafka/service/listener/TwitterKafkaStatusListener.class]: Unsatisfied dependency expressed through constructor parameter 1; nested exception is org.springframework.beans.factory.UnsatisfiedDependencyException: Error creating bean with name 'twitterKafkaProducer' defined in URL [jar:file:/home/zeev/workspaces/k8s/aligelenler/23microservices-demo/kafka/kafka-producer/target/kafka-producer-0.0.1-SNAPSHOT.jar!/com/microservices/demo/kafka/producer/config/service/impl/TwitterKafkaProducer.class]: Unsatisfied dependency expressed through constructor parameter 0; nested exception is org.springframework.beans.factory.BeanCreationException: Error creating bean with name 'kafkaTemplate' defined in class path resource [com/microservices/demo/kafka/producer/config/KafkaProducerConfig.class]: Bean instantiation via factory method failed; nested exception is org.springframework.beans.BeanInstantiationException: Failed to instantiate [org.springframework.kafka.core.KafkaTemplate]: Factory method 'kafkaTemplate' threw exception; nested exception is org.springframework.beans.factory.BeanCreationException: Error creating bean with name 'producerFactory' defined in class path resource [com/microservices/demo/kafka/producer/config/KafkaProducerConfig.class]: Bean instantiation via factory method failed; nested exception is org.springframework.beans.BeanInstantiationException: Failed to instantiate [org.springframework.kafka.core.ProducerFactory]: Factory method 'producerFactory' threw exception; nested exception is org.springframework.beans.factory.BeanCreationException: Error creating bean with name 'producerConfig' defined in class path resource [com/microservices/demo/kafka/producer/config/KafkaProducerConfig.class]: Bean instantiation via factory method failed; nested exception is org.springframework.beans.BeanInstantiationException: Failed to instantiate [java.util.Map]: Factory method 'producerConfig' threw exception; nested exception is java.lang.NullPointerException
Caused by: org.springframework.beans.factory.UnsatisfiedDependencyException: Error creating bean with name 'twitterKafkaStatusListener' defined in file [/home/zeev/workspaces/k8s/aligelenler/23microservices-demo/twitter-to-kafka-service/target/classes/com/microservices/demo/twitter/to/kafka/service/listener/TwitterKafkaStatusListener.class]: Unsatisfied dependency expressed through constructor parameter 1; nested exception is org.springframework.beans.factory.UnsatisfiedDependencyException: Error creating bean with name 'twitterKafkaProducer' defined in URL [jar:file:/home/zeev/workspaces/k8s/aligelenler/23microservices-demo/kafka/kafka-producer/target/kafka-producer-0.0.1-SNAPSHOT.jar!/com/microservices/demo/kafka/producer/config/service/impl/TwitterKafkaProducer.class]: Unsatisfied dependency expressed through constructor parameter 0; nested exception is org.springframework.beans.factory.BeanCreationException: Error creating bean with name 'kafkaTemplate' defined in class path resource [com/microservices/demo/kafka/producer/config/KafkaProducerConfig.class]: Bean instantiation via factory method failed; nested exception is org.springframework.beans.BeanInstantiationException: Failed to instantiate [org.springframework.kafka.core.KafkaTemplate]: Factory method 'kafkaTemplate' threw exception; nested exception is org.springframework.beans.factory.BeanCreationException: Error creating bean with name 'producerFactory' defined in class path resource [com/microservices/demo/kafka/producer/config/KafkaProducerConfig.class]: Bean instantiation via factory method failed; nested exception is org.springframework.beans.BeanInstantiationException: Failed to instantiate [org.springframework.kafka.core.ProducerFactory]: Factory method 'producerFactory' threw exception; nested exception is org.springframework.beans.factory.BeanCreationException: Error creating bean with name 'producerConfig' defined in class path resource [com/microservices/demo/kafka/producer/config/KafkaProducerConfig.class]: Bean instantiation via factory method failed; nested exception is org.springframework.beans.BeanInstantiationException: Failed to instantiate [java.util.Map]: Factory method 'producerConfig' threw exception; nested exception is java.lang.NullPointerException
Caused by: org.springframework.beans.factory.UnsatisfiedDependencyException: Error creating bean with name 'twitterKafkaProducer' defined in URL [jar:file:/home/zeev/workspaces/k8s/aligelenler/23microservices-demo/kafka/kafka-producer/target/kafka-producer-0.0.1-SNAPSHOT.jar!/com/microservices/demo/kafka/producer/config/service/impl/TwitterKafkaProducer.class]: Unsatisfied dependency expressed through constructor parameter 0; nested exception is org.springframework.beans.factory.BeanCreationException: Error creating bean with name 'kafkaTemplate' defined in class path resource [com/microservices/demo/kafka/producer/config/KafkaProducerConfig.class]: Bean instantiation via factory method failed; nested exception is org.springframework.beans.BeanInstantiationException: Failed to instantiate [org.springframework.kafka.core.KafkaTemplate]: Factory method 'kafkaTemplate' threw exception; nested exception is org.springframework.beans.factory.BeanCreationException: Error creating bean with name 'producerFactory' defined in class path resource [com/microservices/demo/kafka/producer/config/KafkaProducerConfig.class]: Bean instantiation via factory method failed; nested exception is org.springframework.beans.BeanInstantiationException: Failed to instantiate [org.springframework.kafka.core.ProducerFactory]: Factory method 'producerFactory' threw exception; nested exception is org.springframework.beans.factory.BeanCreationException: Error creating bean with name 'producerConfig' defined in class path resource [com/microservices/demo/kafka/producer/config/KafkaProducerConfig.class]: Bean instantiation via factory method failed; nested exception is org.springframework.beans.BeanInstantiationException: Failed to instantiate [java.util.Map]: Factory method 'producerConfig' threw exception; nested exception is java.lang.NullPointerException
Caused by: org.springframework.beans.factory.BeanCreationException: Error creating bean with name 'kafkaTemplate' defined in class path resource [com/microservices/demo/kafka/producer/config/KafkaProducerConfig.class]: Bean instantiation via factory method failed; nested exception is org.springframework.beans.BeanInstantiationException: Failed to instantiate [org.springframework.kafka.core.KafkaTemplate]: Factory method 'kafkaTemplate' threw exception; nested exception is org.springframework.beans.factory.BeanCreationException: Error creating bean with name 'producerFactory' defined in class path resource [com/microservices/demo/kafka/producer/config/KafkaProducerConfig.class]: Bean instantiation via factory method failed; nested exception is org.springframework.beans.BeanInstantiationException: Failed to instantiate [org.springframework.kafka.core.ProducerFactory]: Factory method 'producerFactory' threw exception; nested exception is org.springframework.beans.factory.BeanCreationException: Error creating bean with name 'producerConfig' defined in class path resource [com/microservices/demo/kafka/producer/config/KafkaProducerConfig.class]: Bean instantiation via factory method failed; nested exception is org.springframework.beans.BeanInstantiationException: Failed to instantiate [java.util.Map]: Factory method 'producerConfig' threw exception; nested exception is java.lang.NullPointerException
Caused by: org.springframework.beans.BeanInstantiationException: Failed to instantiate [org.springframework.kafka.core.KafkaTemplate]: Factory method 'kafkaTemplate' threw exception; nested exception is org.springframework.beans.factory.BeanCreationException: Error creating bean with name 'producerFactory' defined in class path resource [com/microservices/demo/kafka/producer/config/KafkaProducerConfig.class]: Bean instantiation via factory method failed; nested exception is org.springframework.beans.BeanInstantiationException: Failed to instantiate [org.springframework.kafka.core.ProducerFactory]: Factory method 'producerFactory' threw exception; nested exception is org.springframework.beans.factory.BeanCreationException: Error creating bean with name 'producerConfig' defined in class path resource [com/microservices/demo/kafka/producer/config/KafkaProducerConfig.class]: Bean instantiation via factory method failed; nested exception is org.springframework.beans.BeanInstantiationException: Failed to instantiate [java.util.Map]: Factory method 'producerConfig' threw exception; nested exception is java.lang.NullPointerException
Caused by: org.springframework.beans.factory.BeanCreationException: Error creating bean with name 'producerFactory' defined in class path resource [com/microservices/demo/kafka/producer/config/KafkaProducerConfig.class]: Bean instantiation via factory method failed; nested exception is org.springframework.beans.BeanInstantiationException: Failed to instantiate [org.springframework.kafka.core.ProducerFactory]: Factory method 'producerFactory' threw exception; nested exception is org.springframework.beans.factory.BeanCreationException: Error creating bean with name 'producerConfig' defined in class path resource [com/microservices/demo/kafka/producer/config/KafkaProducerConfig.class]: Bean instantiation via factory method failed; nested exception is org.springframework.beans.BeanInstantiationException: Failed to instantiate [java.util.Map]: Factory method 'producerConfig' threw exception; nested exception is java.lang.NullPointerException
Caused by: org.springframework.beans.BeanInstantiationException: Failed to instantiate [org.springframework.kafka.core.ProducerFactory]: Factory method 'producerFactory' threw exception; nested exception is org.springframework.beans.factory.BeanCreationException: Error creating bean with name 'producerConfig' defined in class path resource [com/microservices/demo/kafka/producer/config/KafkaProducerConfig.class]: Bean instantiation via factory method failed; nested exception is org.springframework.beans.BeanInstantiationException: Failed to instantiate [java.util.Map]: Factory method 'producerConfig' threw exception; nested exception is java.lang.NullPointerException
Caused by: org.springframework.beans.factory.BeanCreationException: Error creating bean with name 'producerConfig' defined in class path resource [com/microservices/demo/kafka/producer/config/KafkaProducerConfig.class]: Bean instantiation via factory method failed; nested exception is org.springframework.beans.BeanInstantiationException: Failed to instantiate [java.util.Map]: Factory method 'producerConfig' threw exception; nested exception is java.lang.NullPointerException
Caused by: org.springframework.beans.BeanInstantiationException: Failed to instantiate [java.util.Map]: Factory method 'producerConfig' threw exception; nested exception is java.lang.NullPointerException
Caused by: java.lang.NullPointerException

